Build started 10/12/2561 17:46:31.
     1>Project "C:\Users\s6106021622098\Documents\Visual Studio 2010\Projects\Mainproject\Mainproject\Mainproject.vcxproj" on node 2 (build target(s)).
     1>InitializeBuildStatus:
         Touching "Debug\Mainproject.unsuccessfulbuild".
       ClCompile:
         All outputs are up-to-date.
       ManifestResourceCompile:
         All outputs are up-to-date.
       Link:
         c:\Program Files (x86)\Microsoft Visual Studio 10.0\VC\bin\link.exe /ERRORREPORT:PROMPT /OUT:"C:\Users\s6106021622098\Documents\Visual Studio 2010\Projects\Mainproject\Debug\Mainproject.exe" /INCREMENTAL /NOLOGO kernel32.lib user32.lib gdi32.lib winspool.lib comdlg32.lib advapi32.lib shell32.lib ole32.lib oleaut32.lib uuid.lib odbc32.lib odbccp32.lib /MANIFEST /ManifestFile:"Debug\Mainproject.exe.intermediate.manifest" /MANIFESTUAC:"level='asInvoker' uiAccess='false'" /DEBUG /PDB:"C:\Users\s6106021622098\Documents\Visual Studio 2010\Projects\Mainproject\Debug\Mainproject.pdb" /SUBSYSTEM:CONSOLE /TLBID:1 /DYNAMICBASE /NXCOMPAT /IMPLIB:"C:\Users\s6106021622098\Documents\Visual Studio 2010\Projects\Mainproject\Debug\Mainproject.lib" /MACHINE:X86 Debug\Mainproject.exe.embed.manifest.res
         Debug\Dormitory.obj
       Manifest:
         c:\Program Files (x86)\Microsoft SDKs\Windows\v7.0A\bin\mt.exe /nologo /verbose /out:"Debug\Mainproject.exe.embed.manifest" /manifest Debug\Mainproject.exe.intermediate.manifest
         All outputs are up-to-date.
       LinkEmbedManifest:
         All outputs are up-to-date.
         Mainproject.vcxproj -> C:\Users\s6106021622098\Documents\Visual Studio 2010\Projects\Mainproject\Debug\Mainproject.exe
       FinalizeBuildStatus:
         Deleting file "Debug\Mainproject.unsuccessfulbuild".
         Touching "Debug\Mainproject.lastbuildstate".
     1>Done Building Project "C:\Users\s6106021622098\Documents\Visual Studio 2010\Projects\Mainproject\Mainproject\Mainproject.vcxproj" (build target(s)).

Build succeeded.

Time Elapsed 00:00:00.22
